2023-01-13 15:06:23,024 [INFO] Activator:177 - 


2023-01-13 15:06:23,025 [INFO] Activator:178 - !SESSION log4j initialized
2023-01-13 15:06:49,303 [ERROR] LogOutputStream:74 - [STDERR_REDIRECT] SLF4J: Failed to load class "org.slf4j.impl.StaticLoggerBinder".
2023-01-13 15:06:49,306 [ERROR] LogOutputStream:74 - [STDERR_REDIRECT] SLF4J: Defaulting to no-operation (NOP) logger implementation
2023-01-13 15:06:49,315 [ERROR] LogOutputStream:74 - [STDERR_REDIRECT] SLF4J: See http://www.slf4j.org/codes.html#StaticLoggerBinder for further details.
2023-01-13 15:33:10,668 [ERROR] ApiDbMcu:1619 - Can't use Application install path:
2023-01-13 15:33:15,408 [WARN] RulesReader:63 - Compatibility file://mcu/compatibility.xml not found
2023-01-13 16:22:33,142 [INFO] Activator:177 - 


2023-01-13 16:22:33,145 [INFO] Activator:178 - !SESSION log4j initialized
2023-01-13 16:23:04,918 [ERROR] LogOutputStream:74 - [STDERR_REDIRECT] SLF4J: Failed to load class "org.slf4j.impl.StaticLoggerBinder".
2023-01-13 16:23:04,921 [ERROR] LogOutputStream:74 - [STDERR_REDIRECT] SLF4J: Defaulting to no-operation (NOP) logger implementation
2023-01-13 16:23:04,923 [ERROR] LogOutputStream:74 - [STDERR_REDIRECT] SLF4J: See http://www.slf4j.org/codes.html#StaticLoggerBinder for further details.
2023-01-15 12:11:49,106 [INFO] Activator:177 - 


2023-01-15 12:11:49,107 [INFO] Activator:178 - !SESSION log4j initialized
2023-01-15 12:12:15,702 [ERROR] LogOutputStream:74 - [STDERR_REDIRECT] SLF4J: Failed to load class "org.slf4j.impl.StaticLoggerBinder".
2023-01-15 12:12:15,704 [ERROR] LogOutputStream:74 - [STDERR_REDIRECT] SLF4J: Defaulting to no-operation (NOP) logger implementation
2023-01-15 12:12:15,705 [ERROR] LogOutputStream:74 - [STDERR_REDIRECT] SLF4J: See http://www.slf4j.org/codes.html#StaticLoggerBinder for further details.
2023-01-15 23:09:52,702 [INFO] Activator:177 - 


2023-01-15 23:09:52,704 [INFO] Activator:178 - !SESSION log4j initialized
2023-01-15 23:10:19,913 [ERROR] LogOutputStream:74 - [STDERR_REDIRECT] SLF4J: Failed to load class "org.slf4j.impl.StaticLoggerBinder".
2023-01-15 23:10:19,914 [ERROR] LogOutputStream:74 - [STDERR_REDIRECT] SLF4J: Defaulting to no-operation (NOP) logger implementation
2023-01-15 23:10:19,915 [ERROR] LogOutputStream:74 - [STDERR_REDIRECT] SLF4J: See http://www.slf4j.org/codes.html#StaticLoggerBinder for further details.
2023-01-15 23:11:50,234 [INFO] Activator:177 - 


2023-01-15 23:11:50,235 [INFO] Activator:178 - !SESSION log4j initialized
